<?xml version="1.0" encoding="UTF-8"?>
<testsuite xmlns:xsi="http://www.w3.org/2001/XMLSchema-instance" xsi:noNamespaceSchemaLocation="https://maven.apache.org/surefire/maven-surefire-plugin/xsd/surefire-test-report-3.0.xsd" version="3.0" name="br.senac.sp.projetopoo.dao.CarroceriaDaoHibernateTest" time="7.419" tests="15" errors="0" skipped="0" failures="0">
  <properties>
[...]
</properties>
  <testcase name="deveRetornarNullQuandoBuscarUmaCarroceriaPorUmTipoDeCarroceriaNull" classname="br.senac.sp.projetopoo.dao.CarroceriaDaoHibernateTest" time="0.693">
    <system-out><![CDATA[Hibernate: drop table if exists Cambio cascade 
Hibernate: drop table if exists Carroceria cascade 
Hibernate: drop table if exists Direcao cascade 
Hibernate: drop table if exists Marca cascade 
Hibernate: drop table if exists Veiculo cascade 
Hibernate: drop sequence if exists Cambio_SEQ
Hibernate: drop sequence if exists Direcao_SEQ
Hibernate: create sequence Cambio_SEQ start with 1 increment by 50
Hibernate: create sequence Direcao_SEQ start with 1 increment by 50
Hibernate: create table Cambio (id bigint not null, nome_cambio varchar(20) not null unique check (nome_cambio in ('MANUAL','AUTOMATICO','AUTOMATIZADO','CVT')), primary key (id))
Hibernate: create table Carroceria (id integer generated by default as identity, tipo varchar(30) not null unique check (tipo in ('AVENTUREIRO_COMPACTO','HATCH_SUBCOMPACTO','HATCH_COMPACTO','HATCH_MEDIO','SEDA_COMPACTO','SEDA_MEDIO','SEDA_GRANDE','FAMILIAR_COMPACTO','FAMILIAR_MEDIO','FAMILIA_GRANDE','PICAPE_COMPACTO','PICAPE_MEDIO','PICAPE_GRANDE','SUV_COMPACTO','SUV_MEDIO','SUV_GRANDE','ESPORTIVO_COMPACTO','ESPORIVO_MEDIO','ESPORTIVO_GRANDE','CONVERSIVEL_COMPACTO','CONVERSIVEL_MEDIO','CONVERSIVEL_GRANDE','VAN_MEDIA','VAN_GRANDE','JIPE','FURGAO_COMPACTO','FURGAO_MEDIO','CAMINHAO_URBANO')), primary key (id))
Hibernate: create table Direcao (id bigint not null, nome_direcao varchar(100) not null unique check (nome_direcao in ('MECANICA','HIDRAULICA','ELETRICA','ELETRO_HIDRAULICA')), primary key (id))
Hibernate: create table Marca (id integer generated by default as identity, logo mediumblob not null, nome varchar(100) not null unique, primary key (id))
Hibernate: create table Veiculo (fabricacao date not null, fk_categoria integer not null, fk_marca integer not null, id integer generated by default as identity, importacao boolean not null, preco float(53) not null, cambio varchar(100) not null check (cambio in ('MANUAL','AUTOMATICO','AUTOMATIZADO','CVT')), direcao varchar(100) not null check (direcao in ('MECANICA','HIDRAULICA','ELETRICA','ELETRO_HIDRAULICA')), imagem_veiculo mediumblob not null, informacoes TEXT, nome varchar(100) not null, primary key (id))
Hibernate: alter table if exists Veiculo add constraint fk_categoria_constraint foreign key (fk_categoria) references Carroceria
Hibernate: alter table if exists Veiculo add constraint fk_marca_constraint foreign key (fk_marca) references Marca
Hibernate: select c1_0.id,c1_0.tipo from Carroceria c1_0 where c1_0.tipo=? order by c1_0.tipo
]]></system-out>
    <system-err><![CDATA[mar. 22, 2025 1:03:52 PM org.hibernate.jpa.internal.util.LogHelper logPersistenceUnitInformation
INFO: HHH000204: Processing PersistenceUnitInfo [name: senac-test]
mar. 22, 2025 1:03:52 PM org.hibernate.Version logVersion
INFO: HHH000412: Hibernate ORM core version 6.4.10.Final
mar. 22, 2025 1:03:52 PM org.hibernate.jpa.boot.internal.EntityManagerFactoryBuilderImpl lambda$normalizeConnectionAccessUserAndPass$6
WARN: HHH90000021: Encountered deprecated setting [javax.persistence.jdbc.user], use [jakarta.persistence.jdbc.user] instead
mar. 22, 2025 1:03:52 PM org.hibernate.jpa.boot.internal.EntityManagerFactoryBuilderImpl lambda$normalizeConnectionAccessUserAndPass$12
WARN: HHH90000021: Encountered deprecated setting [javax.persistence.jdbc.password], use [jakarta.persistence.jdbc.password] instead
mar. 22, 2025 1:03:52 PM org.hibernate.jpa.boot.internal.EntityManagerFactoryBuilderImpl normalizeDataAccess
WARN: HHH90000021: Encountered deprecated setting [javax.persistence.jdbc.url], use [jakarta.persistence.jdbc.url] instead
mar. 22, 2025 1:03:52 PM org.hibernate.jpa.boot.internal.EntityManagerFactoryBuilderImpl normalizeDataAccess
WARN: HHH90000021: Encountered deprecated setting [javax.persistence.jdbc.driver], use [jakarta.persistence.jdbc.driver] instead
mar. 22, 2025 1:03:53 PM org.hibernate.cache.internal.RegionFactoryInitiator initiateService
INFO: HHH000026: Second-level cache disabled
mar. 22, 2025 1:03:53 PM org.hibernate.engine.jdbc.connections.internal.DriverManagerConnectionProviderImpl configure
WARN: HHH10001002: Using built-in connection pool (not intended for production use)
mar. 22, 2025 1:03:53 PM org.hibernate.engine.jdbc.connections.internal.DriverManagerConnectionProviderImpl buildCreator
INFO: HHH10001005: Loaded JDBC driver class: org.h2.Driver
mar. 22, 2025 1:03:53 PM org.hibernate.engine.jdbc.connections.internal.DriverManagerConnectionProviderImpl buildCreator
INFO: HHH10001012: Connecting with JDBC URL [jdbc:h2:mem:testdb;DB_CLOSE_DELAY=-1]
mar. 22, 2025 1:03:53 PM org.hibernate.engine.jdbc.connections.internal.DriverManagerConnectionProviderImpl buildCreator
INFO: HHH10001001: Connection properties: {password=****, user=sa}
mar. 22, 2025 1:03:53 PM org.hibernate.engine.jdbc.connections.internal.DriverManagerConnectionProviderImpl buildCreator
INFO: HHH10001003: Autocommit mode: false
mar. 22, 2025 1:03:53 PM org.hibernate.engine.jdbc.connections.internal.DriverManagerConnectionProviderImpl$PooledConnections <init>
INFO: HHH10001115: Connection pool size: 20 (min=1)
mar. 22, 2025 1:03:55 PM org.hibernate.engine.jdbc.dialect.internal.DialectFactoryImpl constructDialect
WARN: HHH90000025: H2Dialect does not need to be specified explicitly using 'hibernate.dialect' (remove the property setting and it will be selected by default)
mar. 22, 2025 1:03:57 PM org.hibernate.engine.transaction.jta.platform.internal.JtaPlatformInitiator initiateService
INFO: HHH000489: No JTA platform available (set 'hibernate.transaction.jta.platform' to enable JTA platform integration)
mar. 22, 2025 1:03:58 PM org.hibernate.resource.transaction.backend.jdbc.internal.DdlTransactionIsolatorNonJtaImpl getIsolatedConnection
INFO: HHH10001501: Connection obtained from JdbcConnectionAccess [org.hibernate.engine.jdbc.env.internal.JdbcEnvironmentInitiator$ConnectionProviderJdbcConnectionAccess@5ee4aad3] for (non-JTA) DDL execution was not in auto-commit mode; the Connection 'local transaction' will be committed and the Connection will be set into auto-commit mode.
mar. 22, 2025 1:03:58 PM org.hibernate.resource.transaction.backend.jdbc.internal.DdlTransactionIsolatorNonJtaImpl getIsolatedConnection
INFO: HHH10001501: Connection obtained from JdbcConnectionAccess [org.hibernate.engine.jdbc.env.internal.JdbcEnvironmentInitiator$ConnectionProviderJdbcConnectionAccess@4b6c5fa2] for (non-JTA) DDL execution was not in auto-commit mode; the Connection 'local transaction' will be committed and the Connection will be set into auto-commit mode.
]]></system-err>
  </testcase>
  <testcase name="deveRetornarNullSeNenhumaCarroceriaForEncontradoNaListagem" classname="br.senac.sp.projetopoo.dao.CarroceriaDaoHibernateTest" time="0.023">
    <system-out><![CDATA[Hibernate: select c1_0.id,c1_0.tipo from Carroceria c1_0 order by c1_0.id
]]></system-out>
  </testcase>
  <testcase name="deveTrazerUmaListaDeCarroceriasPersistidas" classname="br.senac.sp.projetopoo.dao.CarroceriaDaoHibernateTest" time="0.103">
    <system-out><![CDATA[Hibernate: insert into Carroceria (tipo,id) values (?,default)
Hibernate: select c1_0.id,c1_0.tipo from Carroceria c1_0 order by c1_0.id
]]></system-out>
  </testcase>
  <testcase name="deveBuscarUmaCarroceriaExistentePorUmTipoDeCarroceria" classname="br.senac.sp.projetopoo.dao.CarroceriaDaoHibernateTest" time="0.037">
    <system-out><![CDATA[Hibernate: insert into Carroceria (tipo,id) values (?,default)
Hibernate: select c1_0.id,c1_0.tipo from Carroceria c1_0 where c1_0.tipo=? order by c1_0.tipo
]]></system-out>
    <system-err><![CDATA[mar. 22, 2025 1:03:59 PM org.hibernate.engine.jdbc.spi.SqlExceptionHelper logExceptions
WARN: SQL Error: 23505, SQLState: 23505
mar. 22, 2025 1:03:59 PM org.hibernate.engine.jdbc.spi.SqlExceptionHelper logExceptions
ERROR: Unique index or primary key violation: "PUBLIC.CONSTRAINT_INDEX_5 ON PUBLIC.CARROCERIA(TIPO NULLS FIRST) VALUES ( /* 1 */ 'HATCH_COMPACTO' )"; SQL statement:
insert into Carroceria (tipo,id) values (?,default) [23505-232]
]]></system-err>
  </testcase>
  <testcase name="deveInserirCarroceriaValidaEntaoRetorna1" classname="br.senac.sp.projetopoo.dao.CarroceriaDaoHibernateTest" time="0.01">
    <system-out><![CDATA[Hibernate: insert into Carroceria (tipo,id) values (?,default)
]]></system-out>
  </testcase>
  <testcase name="deveRetornar1QuandoAlterarUmaCarroceria" classname="br.senac.sp.projetopoo.dao.CarroceriaDaoHibernateTest" time="0.027">
    <system-out><![CDATA[Hibernate: insert into Carroceria (tipo,id) values (?,default)
Hibernate: insert into Carroceria (tipo,id) values (?,default)
]]></system-out>
    <system-err><![CDATA[mar. 22, 2025 1:03:59 PM org.hibernate.engine.jdbc.spi.SqlExceptionHelper logExceptions
WARN: SQL Error: 23505, SQLState: 23505
mar. 22, 2025 1:03:59 PM org.hibernate.engine.jdbc.spi.SqlExceptionHelper logExceptions
ERROR: Unique index or primary key violation: "PUBLIC.CONSTRAINT_INDEX_5 ON PUBLIC.CARROCERIA(TIPO NULLS FIRST) VALUES ( /* 1 */ 'HATCH_COMPACTO' )"; SQL statement:
insert into Carroceria (tipo,id) values (?,default) [23505-232]
]]></system-err>
  </testcase>
  <testcase name="deveRetornarNullQuandoBuscarUmaCarroceriaNãoExistentePorUmId" classname="br.senac.sp.projetopoo.dao.CarroceriaDaoHibernateTest" time="0.022">
    <system-out><![CDATA[Hibernate: insert into Carroceria (tipo,id) values (?,default)
Hibernate: select c1_0.id,c1_0.tipo from Carroceria c1_0 where c1_0.id=?
]]></system-out>
    <system-err><![CDATA[mar. 22, 2025 1:03:59 PM org.hibernate.engine.jdbc.spi.SqlExceptionHelper logExceptions
WARN: SQL Error: 23505, SQLState: 23505
mar. 22, 2025 1:03:59 PM org.hibernate.engine.jdbc.spi.SqlExceptionHelper logExceptions
ERROR: Unique index or primary key violation: "PUBLIC.CONSTRAINT_INDEX_5 ON PUBLIC.CARROCERIA(TIPO NULLS FIRST) VALUES ( /* 1 */ 'HATCH_COMPACTO' )"; SQL statement:
insert into Carroceria (tipo,id) values (?,default) [23505-232]
]]></system-err>
  </testcase>
  <testcase name="deveBuscarUmaCarroceriaExistentePorUmId" classname="br.senac.sp.projetopoo.dao.CarroceriaDaoHibernateTest" time="0.009">
    <system-out><![CDATA[Hibernate: insert into Carroceria (tipo,id) values (?,default)
Hibernate: select c1_0.id,c1_0.tipo from Carroceria c1_0 where c1_0.id=?
]]></system-out>
    <system-err><![CDATA[mar. 22, 2025 1:03:59 PM org.hibernate.engine.jdbc.spi.SqlExceptionHelper logExceptions
WARN: SQL Error: 23505, SQLState: 23505
mar. 22, 2025 1:03:59 PM org.hibernate.engine.jdbc.spi.SqlExceptionHelper logExceptions
ERROR: Unique index or primary key violation: "PUBLIC.CONSTRAINT_INDEX_5 ON PUBLIC.CARROCERIA(TIPO NULLS FIRST) VALUES ( /* 1 */ 'HATCH_COMPACTO' )"; SQL statement:
insert into Carroceria (tipo,id) values (?,default) [23505-232]
]]></system-err>
  </testcase>
  <testcase name="deveRetornar0QuandoNãoAlterarUmaCarroceriaPorFaltaDosParametros" classname="br.senac.sp.projetopoo.dao.CarroceriaDaoHibernateTest" time="0.011">
    <system-out><![CDATA[Hibernate: insert into Carroceria (tipo,id) values (?,default)
]]></system-out>
    <system-err><![CDATA[mar. 22, 2025 1:03:59 PM org.hibernate.engine.jdbc.spi.SqlExceptionHelper logExceptions
WARN: SQL Error: 23505, SQLState: 23505
mar. 22, 2025 1:03:59 PM org.hibernate.engine.jdbc.spi.SqlExceptionHelper logExceptions
ERROR: Unique index or primary key violation: "PUBLIC.CONSTRAINT_INDEX_5 ON PUBLIC.CARROCERIA(TIPO NULLS FIRST) VALUES ( /* 1 */ 'HATCH_COMPACTO' )"; SQL statement:
insert into Carroceria (tipo,id) values (?,default) [23505-232]
]]></system-err>
  </testcase>
  <testcase name="naoDeveInserirCarroceriaInvalidaEntaoRetorna0" classname="br.senac.sp.projetopoo.dao.CarroceriaDaoHibernateTest" time="0.012">
    <system-out><![CDATA[Hibernate: insert into Carroceria (tipo,id) values (?,default)
]]></system-out>
    <system-err><![CDATA[mar. 22, 2025 1:03:59 PM org.hibernate.engine.jdbc.spi.SqlExceptionHelper logExceptions
WARN: SQL Error: 23505, SQLState: 23505
mar. 22, 2025 1:03:59 PM org.hibernate.engine.jdbc.spi.SqlExceptionHelper logExceptions
ERROR: Unique index or primary key violation: "PUBLIC.CONSTRAINT_INDEX_5 ON PUBLIC.CARROCERIA(TIPO NULLS FIRST) VALUES ( /* 3 */ 'SEDA_COMPACTO' )"; SQL statement:
insert into Carroceria (tipo,id) values (?,default) [23505-232]
]]></system-err>
  </testcase>
  <testcase name="deveRetornarNullQuandoBuscarUmaCarroceriaNãoExistentePorUmTipoDeCarroceria" classname="br.senac.sp.projetopoo.dao.CarroceriaDaoHibernateTest" time="0.006">
    <system-out><![CDATA[Hibernate: insert into Carroceria (tipo,id) values (?,default)
Hibernate: select c1_0.id,c1_0.tipo from Carroceria c1_0 where c1_0.tipo=? order by c1_0.tipo
]]></system-out>
    <system-err><![CDATA[mar. 22, 2025 1:03:59 PM org.hibernate.engine.jdbc.spi.SqlExceptionHelper logExceptions
WARN: SQL Error: 23505, SQLState: 23505
mar. 22, 2025 1:03:59 PM org.hibernate.engine.jdbc.spi.SqlExceptionHelper logExceptions
ERROR: Unique index or primary key violation: "PUBLIC.CONSTRAINT_INDEX_5 ON PUBLIC.CARROCERIA(TIPO NULLS FIRST) VALUES ( /* 1 */ 'HATCH_COMPACTO' )"; SQL statement:
insert into Carroceria (tipo,id) values (?,default) [23505-232]
]]></system-err>
  </testcase>
  <testcase name="deveRetornar0QuandoNãoAlterarUmaCarroceria" classname="br.senac.sp.projetopoo.dao.CarroceriaDaoHibernateTest" time="0.004">
    <system-out><![CDATA[Hibernate: insert into Carroceria (tipo,id) values (?,default)
]]></system-out>
    <system-err><![CDATA[mar. 22, 2025 1:03:59 PM org.hibernate.engine.jdbc.spi.SqlExceptionHelper logExceptions
WARN: SQL Error: 23505, SQLState: 23505
mar. 22, 2025 1:03:59 PM org.hibernate.engine.jdbc.spi.SqlExceptionHelper logExceptions
ERROR: Unique index or primary key violation: "PUBLIC.CONSTRAINT_INDEX_5 ON PUBLIC.CARROCERIA(TIPO NULLS FIRST) VALUES ( /* 1 */ 'HATCH_COMPACTO' )"; SQL statement:
insert into Carroceria (tipo,id) values (?,default) [23505-232]
]]></system-err>
  </testcase>
  <testcase name="naoDeveRemoverUmaCarroceriaInvalida" classname="br.senac.sp.projetopoo.dao.CarroceriaDaoHibernateTest" time="0.019">
    <system-out><![CDATA[Hibernate: select c1_0.id,c1_0.tipo from Carroceria c1_0 where c1_0.id=?
Hibernate: select c1_0.id,c1_0.tipo from Carroceria c1_0 where c1_0.id=?
]]></system-out>
  </testcase>
  <testcase name="deveRemoverUmaCarroceriaComIdValidoERetornar1" classname="br.senac.sp.projetopoo.dao.CarroceriaDaoHibernateTest" time="0.017">
    <system-out><![CDATA[Hibernate: select c1_0.id,c1_0.tipo from Carroceria c1_0 where c1_0.id=?
Hibernate: delete from Carroceria where id=?
]]></system-out>
  </testcase>
  <testcase name="naoDeveInserirCarroceriaNullEntaoRetorna0" classname="br.senac.sp.projetopoo.dao.CarroceriaDaoHibernateTest" time="0.006"/>
</testsuite>